<?xml version="1.0" encoding="UTF-8"?>
<!-- Generated by org.testng.reporters.JUnitReportReporter -->
<testsuite hostname="divya" failures="0" tests="1" name="Academy.ValidateNavigationBar" time="0.196" errors="0" timestamp="2019-12-05T19:22:48 IST" skipped="0">
  <testcase classname="Academy.ValidateNavigationBar" name="navigationBarValidation" time="0.196"/>
</testsuite> <!-- Academy.ValidateNavigationBar -->
