<?xml version="1.0" encoding="UTF-8"?>
<!-- Generated by org.testng.reporters.JUnitReportReporter -->
<testsuite hostname="divya" failures="0" tests="2" name="Academy.HomePage" time="103.556" errors="0" timestamp="2019-12-05T19:22:48 IST" skipped="0">
  <testcase classname="Academy.HomePage" name="basePageNavigation" time="93.617"/>
  <testcase classname="Academy.HomePage" name="basePageNavigation" time="9.939"/>
</testsuite> <!-- Academy.HomePage -->
